#
# A fatal error has been detected by the Java Runtime Environment:
#
#  SIGSEGV (0xb) at pc=0x0000000105604d20, pid=8649, tid=18691
#
# JRE version: Java(TM) SE Runtime Environment (8.0_40-b27) (build 1.8.0_40-b27)
# Java VM: Java HotSpot(TM) 64-Bit Server VM (25.40-b25 mixed mode bsd-amd64 compressed oops)
# Problematic frame:
# V  [libjvm.dylib+0x432d20]
#
# Failed to write core dump. Core dumps have been disabled. To enable core dumping, try "ulimit -c unlimited" before starting Java again
#
# If you would like to submit a bug report, please visit:
#   http://bugreport.java.com/bugreport/crash.jsp
#

---------------  T H R E A D  ---------------

Current thread (0x00007fc4bc809000):  JavaThread "JDWP Transport Listener: dt_socket" daemon [_thread_in_vm, id=18691, stack(0x00000001248fd000,0x00000001249fd000)]

siginfo: si_signo: 11 (SIGSEGV), si_code: 0 (unknown), si_addr: 0x0000000000000000

Registers:
RAX=0x0000000000000001, RBX=0x00000001249fca8b, RCX=0x00000001059cc190, RDX=0x00000001249fca8b
RSP=0x00000001249fc9d0, RBP=0x00000001249fc9e0, RSI=0x00007fc4bc809000, RDI=0x003e74696e696c63
R8 =0x0000000000000001, R9 =0x00007fc4be500000, R10=0x0000000000000020, R11=0x00007fc4be500000
R12=0x00007fc4bc809000, R13=0x003e74696e696c63, R14=0x003e74696e696c63, R15=0x00007fc4bbf01bf0
RIP=0x0000000105604d20, EFLAGS=0x0000000000010206, ERR=0x0000000000000000
  TRAPNO=0x000000000000000d

Top of Stack: (sp=0x00000001249fc9d0)
0x00000001249fc9d0:   00000001249fca8b 00000001249fca8b
0x00000001249fc9e0:   00000001249fca40 000000010551511a
0x00000001249fc9f0:   00007fc4bc809000 0000000000000000
0x00000001249fca00:   0000000000000000 0000000000000000
0x00000001249fca10:   00007fc4bc809000 00007fc4bc809000
0x00000001249fca20:   00000001249fca8b 00000001249fca90
0x00000001249fca30:   003e74696e696c63 0000000000000003
0x00000001249fca40:   00000001249fca60 00000001061b6780
0x00000001249fca50:   0000000000000001 00000001249fcb08
0x00000001249fca60:   00000001249fcad0 000000010619b1f3
0x00000001249fca70:   00000001249fcaa0 00007fc4be57cec0
0x00000001249fca80:   0000000600000032 00000000009fcb08
0x00000001249fca90:   0000000000000000 0000000000000000
0x00000001249fcaa0:   0000000000000000 00000001249fcc90
0x00000001249fcab0:   00000001061bde7a 00007fc4be22efc0
0x00000001249fcac0:   00000001249fcb08 00000001061c9598
0x00000001249fcad0:   00000001249fcae0 000000010619b2ec
0x00000001249fcae0:   00000001249fcd00 00000001061a4898
0x00000001249fcaf0:   000031d600000013 00000000000f0200
0x00000001249fcb00:   00007fc4be230200 00000001249fcc09
0x00000001249fcb10:   00007fc40000007b 00000001249fcb20
0x00000001249fcb20:   00007fc4000000b1 00000001249fcb58
0x00000001249fcb30:   0000000000000000 00007f0000000000
0x00000001249fcb40:   000031d60000001c 00007fff0000c780
0x00000001249fcb50:   00000001249fcb58 c47f000006000000
0x00000001249fcb60:   08000000a8ef12be 3e74696e696c633c
0x00000001249fcb70:   0056292803000000 0008000000000000
0x00000001249fcb80:   00a0ef12bec47f00 74696e693c060000
0x00000001249fcb90:   562928030000003e 0100000000000000
0x00000001249fcba0:   582f22bec47f0000 636f72700d000000
0x00000001249fcbb0:   746e657645737365 6a4c281300000073
0x00000001249fcbc0:   6c6974752f617661 5a293b7473694c2f 

Instructions: (pc=0x0000000105604d20)
0x0000000105604d00:   40 48 48 85 c0 75 e0 30 c0 0f b6 c0 5d c3 31 c0
0x0000000105604d10:   5d c3 55 48 89 e5 53 48 83 ec 08 48 85 ff 74 24
0x0000000105604d20:   48 8b 1f 48 85 db 74 1c 48 83 fb 37 74 16 48 8b
0x0000000105604d30:   03 48 89 df ff 50 10 84 c0 b8 00 00 00 00 48 0f 

Register to memory mapping:

RAX=0x0000000000000001 is an unknown value
RBX=0x00000001249fca8b is pointing into the stack for thread: 0x00007fc4bc809000
RCX=0x00000001059cc190: UseMembar+0 in /Library/Java/JavaVirtualMachines/jdk1.8.0_40.jdk/Contents/Home/jre/lib/server/libjvm.dylib at 0x00000001051d2000
RDX=0x00000001249fca8b is pointing into the stack for thread: 0x00007fc4bc809000
RSP=0x00000001249fc9d0 is pointing into the stack for thread: 0x00007fc4bc809000
RBP=0x00000001249fc9e0 is pointing into the stack for thread: 0x00007fc4bc809000
RSI=0x00007fc4bc809000 is a thread
RDI=0x003e74696e696c63 is an unknown value
R8 =0x0000000000000001 is an unknown value
R9 =0x00007fc4be500000 is an unknown value
R10=0x0000000000000020 is an unknown value
R11=0x00007fc4be500000 is an unknown value
R12=0x00007fc4bc809000 is a thread
R13=0x003e74696e696c63 is an unknown value
R14=0x003e74696e696c63 is an unknown value
R15=0x00007fc4bbf01bf0 is an unknown value


Stack: [0x00000001248fd000,0x00000001249fd000],  sp=0x00000001249fc9d0,  free space=1022k
Native frames: (J=compiled Java code, j=interpreted, Vv=VM code, C=native code)
V  [libjvm.dylib+0x432d20]
V  [libjvm.dylib+0x34311a]
C  [libjdwp.dylib+0x20780]  isMethodSynthetic+0x63
C  [libjdwp.dylib+0x51f3]  methods1+0x10b
C  [libjdwp.dylib+0x52ec]  methodsWithGeneric+0xe
C  [libjdwp.dylib+0xe898]  debugLoop_run+0x1ce
C  [libjdwp.dylib+0x1f6ba]  attachThread+0x4d
V  [libjvm.dylib+0x384060]
V  [libjvm.dylib+0x549acf]
V  [libjvm.dylib+0x54b1c0]
V  [libjvm.dylib+0x46ea8e]
C  [libsystem_pthread.dylib+0x405a]  _pthread_body+0x83
C  [libsystem_pthread.dylib+0x3fd7]  _pthread_body+0x0
C  [libsystem_pthread.dylib+0x13ed]  thread_start+0xd
C  0x0000000000000000


---------------  P R O C E S S  ---------------

Java Threads: ( => current thread )
  0x00007fc4c2885000 JavaThread "MessageBrokerSockJS-4" [_thread_blocked, id=25867, stack(0x0000000125b04000,0x0000000125c04000)]
  0x00007fc4c40ee000 JavaThread "MessageBrokerSockJS-3" [_thread_blocked, id=26375, stack(0x0000000122f1b000,0x000000012301b000)]
  0x00007fc4bc4a8800 JavaThread "DestroyJavaVM" [_thread_blocked, id=4867, stack(0x0000000107201000,0x0000000107301000)]
  0x00007fc4beb5f000 JavaThread "http-nio-8080-Acceptor-0" daemon [_thread_in_native, id=31491, stack(0x0000000129c2c000,0x0000000129d2c000)]
  0x00007fc4bdc44800 JavaThread "http-nio-8080-ClientPoller-1" daemon [_thread_in_native, id=30979, stack(0x00000001292cf000,0x00000001293cf000)]
  0x00007fc4bdccd800 JavaThread "http-nio-8080-ClientPoller-0" daemon [_thread_in_native, id=30467, stack(0x00000001280d4000,0x00000001281d4000)]
  0x00007fc4c3a3d000 JavaThread "NioBlockingSelector.BlockPoller-1" daemon [_thread_in_native, id=29955, stack(0x0000000127e53000,0x0000000127f53000)]
  0x00007fc4c0027000 JavaThread "MessageBrokerSockJS-2" [_thread_blocked, id=29443, stack(0x0000000126a38000,0x0000000126b38000)]
  0x00007fc4bc405800 JavaThread "MessageBrokerSockJS-1" [_thread_blocked, id=28931, stack(0x00000001279c2000,0x0000000127ac2000)]
  0x00007fc4c23c5000 JavaThread "container-0" [_thread_blocked, id=28419, stack(0x00000001278bf000,0x00000001279bf000)]
  0x00007fc4bfa3a800 JavaThread "ContainerBackgroundProcessor[StandardEngine[Tomcat].StandardHost[localhost].StandardContext[]]" daemon [_thread_blocked, id=27907, stack(0x00000001273dd000,0x00000001274dd000)]
  0x00007fc4bf213800 JavaThread "MongoCleaner1634952207" daemon [_thread_blocked, id=27395, stack(0x0000000127fd1000,0x00000001280d1000)]
  0x00007fc4c2424000 JavaThread "cluster-1-localhost:27017" daemon [_thread_blocked, id=26883, stack(0x0000000127d50000,0x0000000127e50000)]
  0x00007fc4bc86b800 JavaThread "RMI TCP Accept-0" daemon [_thread_in_native, id=25095, stack(0x0000000125535000,0x0000000125635000)]
  0x00007fc4bd9e3000 JavaThread "RMI TCP Accept-24096" daemon [_thread_in_native, id=23299, stack(0x0000000125432000,0x0000000125532000)]
  0x00007fc4bc863800 JavaThread "RMI TCP Accept-0" daemon [_thread_in_native, id=22787, stack(0x000000012532f000,0x000000012542f000)]
  0x00007fc4bc03a000 JavaThread "Service Thread" daemon [_thread_blocked, id=22275, stack(0x0000000125012000,0x0000000125112000)]
  0x00007fc4bd013800 JavaThread "C1 CompilerThread3" daemon [_thread_blocked, id=21763, stack(0x0000000124f0f000,0x000000012500f000)]
  0x00007fc4bc01f000 JavaThread "C2 CompilerThread2" daemon [_thread_blocked, id=21251, stack(0x0000000124e0c000,0x0000000124f0c000)]
  0x00007fc4bc01e000 JavaThread "C2 CompilerThread1" daemon [_thread_blocked, id=20739, stack(0x0000000124d09000,0x0000000124e09000)]
  0x00007fc4bc01c800 JavaThread "C2 CompilerThread0" daemon [_thread_blocked, id=20227, stack(0x0000000124c06000,0x0000000124d06000)]
  0x00007fc4bc01b000 JavaThread "JDWP Command Reader" daemon [_thread_in_native, id=19715, stack(0x0000000124b03000,0x0000000124c03000)]
  0x00007fc4bc80a000 JavaThread "JDWP Event Helper Thread" daemon [_thread_blocked, id=19203, stack(0x0000000124a00000,0x0000000124b00000)]
=>0x00007fc4bc809000 JavaThread "JDWP Transport Listener: dt_socket" daemon [_thread_in_vm, id=18691, stack(0x00000001248fd000,0x00000001249fd000)]
  0x00007fc4bd85c000 JavaThread "Signal Dispatcher" daemon [_thread_blocked, id=14615, stack(0x00000001247f3000,0x00000001248f3000)]
  0x00007fc4bd854800 JavaThread "Finalizer" daemon [_thread_blocked, id=13571, stack(0x0000000122dd7000,0x0000000122ed7000)]
  0x00007fc4bd853800 JavaThread "Reference Handler" daemon [_thread_blocked, id=13059, stack(0x0000000122cd4000,0x0000000122dd4000)]

Other Threads:
  0x00007fc4bd851000 VMThread [stack: 0x0000000122bd1000,0x0000000122cd1000] [id=12547]
  0x00007fc4bc870000 WatcherThread [stack: 0x0000000125638000,0x0000000125738000] [id=25347]

VM state:not at safepoint (normal execution)

VM Mutex/Monitor currently owned by a thread: None

Heap:
 PSYoungGen      total 135680K, used 51620K [0x000000076ab00000, 0x0000000775080000, 0x00000007c0000000)
  eden space 124928K, 32% used [0x000000076ab00000,0x000000076d2eedc8,0x0000000772500000)
  from space 10752K, 99% used [0x0000000772500000,0x0000000772f7a2a0,0x0000000772f80000)
  to   space 15360K, 0% used [0x0000000774180000,0x0000000774180000,0x0000000775080000)
 ParOldGen       total 110592K, used 13489K [0x00000006c0000000, 0x00000006c6c00000, 0x000000076ab00000)
  object space 110592K, 12% used [0x00000006c0000000,0x00000006c0d2c528,0x00000006c6c00000)
 Metaspace       used 32957K, capacity 33294K, committed 33664K, reserved 1079296K
  class space    used 4101K, capacity 4203K, committed 4224K, reserved 1048576K

Card table byte_map: [0x00000001166c3000,0x0000000116ec4000] byte_map_base: 0x00000001130c3000

Marking Bits: (ParMarkBitMap*) 0x0000000105a947a0
 Begin Bits: [0x0000000117c32000, 0x000000011bc32000)
 End Bits:   [0x000000011bc32000, 0x000000011fc32000)

Polling page: 0x0000000106195000

CodeCache: size=245760Kb used=11904Kb max_used=12420Kb free=233855Kb
 bounds [0x0000000107303000, 0x0000000107f73000, 0x0000000116303000]
 total_blobs=3487 nmethods=3087 adapters=321
 compilation: enabled

Compilation events (10 events):
Event: 59.210 Thread 0x00007fc4bd013800 3573       3       java.nio.channels.spi.AbstractSelector::isOpen (8 bytes)
Event: 59.210 Thread 0x00007fc4bd013800 nmethod 3573 0x0000000107cd3f10 code [0x0000000107cd4080, 0x0000000107cd4310]
Event: 59.210 Thread 0x00007fc4bd013800 3574  s    3       org.apache.tomcat.util.collections.SynchronizedQueue::poll (61 bytes)
Event: 59.211 Thread 0x00007fc4bd013800 nmethod 3574 0x0000000107cbda90 code [0x0000000107cbdc20, 0x0000000107cbe130]
Event: 62.556 Thread 0x00007fc4bd013800 3575       1       java.util.concurrent.atomic.AtomicInteger::get (5 bytes)
Event: 62.557 Thread 0x00007fc4bd013800 nmethod 3575 0x00000001078c2e50 code [0x00000001078c2fa0, 0x00000001078c30b0]
Event: 62.557 Thread 0x00007fc4bd013800 3576       1       java.text.DontCareFieldPosition::getFieldDelegate (5 bytes)
Event: 62.557 Thread 0x00007fc4bd013800 nmethod 3576 0x0000000107c4a050 code [0x0000000107c4a1a0, 0x0000000107c4a2b0]
Event: 62.557 Thread 0x00007fc4bd013800 3577       3       java.lang.Thread::interrupted (8 bytes)
Event: 62.558 Thread 0x00007fc4bd013800 nmethod 3577 0x0000000107a21610 code [0x0000000107a21780, 0x0000000107a21908]

GC Heap History (10 events):
Event: 1.199 GC heap before
{Heap before GC invocations=2 (full 0):
 PSYoungGen      total 76288K, used 73553K [0x000000076ab00000, 0x0000000770000000, 0x00000007c0000000)
  eden space 65536K, 100% used [0x000000076ab00000,0x000000076eb00000,0x000000076eb00000)
  from space 10752K, 74% used [0x000000076eb00000,0x000000076f2d4400,0x000000076f580000)
  to   space 10752K, 0% used [0x000000076f580000,0x000000076f580000,0x0000000770000000)
 ParOldGen       total 175104K, used 16K [0x00000006c0000000, 0x00000006cab00000, 0x000000076ab00000)
  object space 175104K, 0% used [0x00000006c0000000,0x00000006c0004000,0x00000006cab00000)
 Metaspace       used 16030K, capacity 16206K, committed 16384K, reserved 1062912K
  class space    used 1949K, capacity 1993K, committed 2048K, reserved 1048576K
Event: 1.206 GC heap after
Heap after GC invocations=2 (full 0):
 PSYoungGen      total 76288K, used 7332K [0x000000076ab00000, 0x0000000774000000, 0x00000007c0000000)
  eden space 65536K, 0% used [0x000000076ab00000,0x000000076ab00000,0x000000076eb00000)
  from space 10752K, 68% used [0x000000076f580000,0x000000076fca92d0,0x0000000770000000)
  to   space 10752K, 0% used [0x000000076eb00000,0x000000076eb00000,0x000000076f580000)
 ParOldGen       total 175104K, used 32K [0x00000006c0000000, 0x00000006cab00000, 0x000000076ab00000)
  object space 175104K, 0% used [0x00000006c0000000,0x00000006c0008000,0x00000006cab00000)
 Metaspace       used 16030K, capacity 16206K, committed 16384K, reserved 1062912K
  class space    used 1949K, capacity 1993K, committed 2048K, reserved 1048576K
}
Event: 1.603 GC heap before
{Heap before GC invocations=3 (full 0):
 PSYoungGen      total 76288K, used 57370K [0x000000076ab00000, 0x0000000774000000, 0x00000007c0000000)
  eden space 65536K, 76% used [0x000000076ab00000,0x000000076dbdd5c0,0x000000076eb00000)
  from space 10752K, 68% used [0x000000076f580000,0x000000076fca92d0,0x0000000770000000)
  to   space 10752K, 0% used [0x000000076eb00000,0x000000076eb00000,0x000000076f580000)
 ParOldGen       total 175104K, used 32K [0x00000006c0000000, 0x00000006cab00000, 0x000000076ab00000)
  object space 175104K, 0% used [0x00000006c0000000,0x00000006c0008000,0x00000006cab00000)
 Metaspace       used 20913K, capacity 21126K, committed 21296K, reserved 1069056K
  class space    used 2529K, capacity 2589K, committed 2688K, reserved 1048576K
Event: 1.609 GC heap after
Heap after GC invocations=3 (full 0):
 PSYoungGen      total 76288K, used 9334K [0x000000076ab00000, 0x0000000774000000, 0x00000007c0000000)
  eden space 65536K, 0% used [0x000000076ab00000,0x000000076ab00000,0x000000076eb00000)
  from space 10752K, 86% used [0x000000076eb00000,0x000000076f41d998,0x000000076f580000)
  to   space 10752K, 0% used [0x0000000773580000,0x0000000773580000,0x0000000774000000)
 ParOldGen       total 175104K, used 104K [0x00000006c0000000, 0x00000006cab00000, 0x000000076ab00000)
  object space 175104K, 0% used [0x00000006c0000000,0x00000006c001a010,0x00000006cab00000)
 Metaspace       used 20913K, capacity 21126K, committed 21296K, reserved 1069056K
  class space    used 2529K, capacity 2589K, committed 2688K, reserved 1048576K
}
Event: 1.609 GC heap before
{Heap before GC invocations=4 (full 1):
 PSYoungGen      total 76288K, used 9334K [0x000000076ab00000, 0x0000000774000000, 0x00000007c0000000)
  eden space 65536K, 0% used [0x000000076ab00000,0x000000076ab00000,0x000000076eb00000)
  from space 10752K, 86% used [0x000000076eb00000,0x000000076f41d998,0x000000076f580000)
  to   space 10752K, 0% used [0x0000000773580000,0x0000000773580000,0x0000000774000000)
 ParOldGen       total 175104K, used 104K [0x00000006c0000000, 0x00000006cab00000, 0x000000076ab00000)
  object space 175104K, 0% used [0x00000006c0000000,0x00000006c001a010,0x00000006cab00000)
 Metaspace       used 20913K, capacity 21126K, committed 21296K, reserved 1069056K
  class space    used 2529K, capacity 2589K, committed 2688K, reserved 1048576K
Event: 1.635 GC heap after
Heap after GC invocations=4 (full 1):
 PSYoungGen      total 76288K, used 0K [0x000000076ab00000, 0x0000000774000000, 0x00000007c0000000)
  eden space 65536K, 0% used [0x000000076ab00000,0x000000076ab00000,0x000000076eb00000)
  from space 10752K, 0% used [0x000000076eb00000,0x000000076eb00000,0x000000076f580000)
  to   space 10752K, 0% used [0x0000000773580000,0x0000000773580000,0x0000000774000000)
 ParOldGen       total 110592K, used 9077K [0x00000006c0000000, 0x00000006c6c00000, 0x000000076ab00000)
  object space 110592K, 8% used [0x00000006c0000000,0x00000006c08dd548,0x00000006c6c00000)
 Metaspace       used 20913K, capacity 21126K, committed 21296K, reserved 1069056K
  class space    used 2529K, capacity 2589K, committed 2688K, reserved 1048576K
}
Event: 2.052 GC heap before
{Heap before GC invocations=5 (full 1):
 PSYoungGen      total 76288K, used 65536K [0x000000076ab00000, 0x0000000774000000, 0x00000007c0000000)
  eden space 65536K, 100% used [0x000000076ab00000,0x000000076eb00000,0x000000076eb00000)
  from space 10752K, 0% used [0x000000076eb00000,0x000000076eb00000,0x000000076f580000)
  to   space 10752K, 0% used [0x0000000773580000,0x0000000773580000,0x0000000774000000)
 ParOldGen       total 110592K, used 9077K [0x00000006c0000000, 0x00000006c6c00000, 0x000000076ab00000)
  object space 110592K, 8% used [0x00000006c0000000,0x00000006c08dd548,0x00000006c6c00000)
 Metaspace       used 23668K, capacity 23870K, committed 24320K, reserved 1071104K
  class space    used 2887K, capacity 2945K, committed 3072K, reserved 1048576K
Event: 2.058 GC heap after
Heap after GC invocations=5 (full 1):
 PSYoungGen      total 99840K, used 4423K [0x000000076ab00000, 0x0000000773a00000, 0x00000007c0000000)
  eden space 95232K, 0% used [0x000000076ab00000,0x000000076ab00000,0x0000000770800000)
  from space 4608K, 96% used [0x0000000773580000,0x00000007739d1f20,0x0000000773a00000)
  to   space 10752K, 0% used [0x0000000772500000,0x0000000772500000,0x0000000772f80000)
 ParOldGen       total 110592K, used 9085K [0x00000006c0000000, 0x00000006c6c00000, 0x000000076ab00000)
  object space 110592K, 8% used [0x00000006c0000000,0x00000006c08df548,0x00000006c6c00000)
 Metaspace       used 23668K, capacity 23870K, committed 24320K, reserved 1071104K
  class space    used 2887K, capacity 2945K, committed 3072K, reserved 1048576K
}
Event: 2.782 GC heap before
{Heap before GC invocations=6 (full 1):
 PSYoungGen      total 99840K, used 99655K [0x000000076ab00000, 0x0000000773a00000, 0x00000007c0000000)
  eden space 95232K, 100% used [0x000000076ab00000,0x0000000770800000,0x0000000770800000)
  from space 4608K, 96% used [0x0000000773580000,0x00000007739d1f20,0x0000000773a00000)
  to   space 10752K, 0% used [0x0000000772500000,0x0000000772500000,0x0000000772f80000)
 ParOldGen       total 110592K, used 9085K [0x00000006c0000000, 0x00000006c6c00000, 0x000000076ab00000)
  object space 110592K, 8% used [0x00000006c0000000,0x00000006c08df548,0x00000006c6c00000)
 Metaspace       used 30985K, capacity 31254K, committed 31616K, reserved 1077248K
  class space    used 3847K, capacity 3929K, committed 3968K, reserved 1048576K
Event: 2.792 GC heap after
Heap after GC invocations=6 (full 1):
 PSYoungGen      total 135680K, used 10728K [0x000000076ab00000, 0x0000000775080000, 0x00000007c0000000)
  eden space 124928K, 0% used [0x000000076ab00000,0x000000076ab00000,0x0000000772500000)
  from space 10752K, 99% used [0x0000000772500000,0x0000000772f7a2a0,0x0000000772f80000)
  to   space 15360K, 0% used [0x0000000774180000,0x0000000774180000,0x0000000775080000)
 ParOldGen       total 110592K, used 13489K [0x00000006c0000000, 0x00000006c6c00000, 0x000000076ab00000)
  object space 110592K, 12% used [0x00000006c0000000,0x00000006c0d2c528,0x00000006c6c00000)
 Metaspace       used 30985K, capacity 31254K, committed 31616K, reserved 1077248K
  class space    used 3847K, capacity 3929K, committed 3968K, reserved 1048576K
}

Deoptimization events (10 events):
Event: 3.045 Thread 0x00007fc4bd00b000 Uncommon trap: reason=unhandled action=none pc=0x0000000107c57ee4 method=java.net.URLClassLoader.findClass(Ljava/lang/String;)Ljava/lang/Class; @ 44
Event: 3.045 Thread 0x00007fc4bd00b000 Uncommon trap: reason=unhandled action=none pc=0x0000000107c57ee4 method=java.net.URLClassLoader.findClass(Ljava/lang/String;)Ljava/lang/Class; @ 44
Event: 3.046 Thread 0x00007fc4bd00b000 Uncommon trap: reason=unhandled action=none pc=0x0000000107c57ee4 method=java.net.URLClassLoader.findClass(Ljava/lang/String;)Ljava/lang/Class; @ 44
Event: 3.046 Thread 0x00007fc4bd00b000 Uncommon trap: reason=unhandled action=none pc=0x0000000107c57ee4 method=java.net.URLClassLoader.findClass(Ljava/lang/String;)Ljava/lang/Class; @ 44
Event: 3.046 Thread 0x00007fc4bd00b000 Uncommon trap: reason=unhandled action=none pc=0x0000000107c57ee4 method=java.net.URLClassLoader.findClass(Ljava/lang/String;)Ljava/lang/Class; @ 44
Event: 3.046 Thread 0x00007fc4bd00b000 Uncommon trap: reason=unhandled action=none pc=0x0000000107c57ee4 method=java.net.URLClassLoader.findClass(Ljava/lang/String;)Ljava/lang/Class; @ 44
Event: 3.047 Thread 0x00007fc4bd00b000 Uncommon trap: reason=unhandled action=none pc=0x0000000107c57ee4 method=java.net.URLClassLoader.findClass(Ljava/lang/String;)Ljava/lang/Class; @ 44
Event: 3.048 Thread 0x00007fc4bd00b000 Uncommon trap: reason=unhandled action=none pc=0x0000000107c57ee4 method=java.net.URLClassLoader.findClass(Ljava/lang/String;)Ljava/lang/Class; @ 44
Event: 32.370 Thread 0x00007fc4bfa3a800 Uncommon trap: reason=unhandled action=none pc=0x0000000107c57ee4 method=java.net.URLClassLoader.findClass(Ljava/lang/String;)Ljava/lang/Class; @ 44
Event: 32.371 Thread 0x00007fc4bfa3a800 Uncommon trap: reason=unhandled action=none pc=0x0000000107c57ee4 method=java.net.URLClassLoader.findClass(Ljava/lang/String;)Ljava/lang/Class; @ 44

Internal exceptions (10 events):
Event: 2.978 Thread 0x00007fc4bd00b000 Exception <a 'java/lang/ArrayIndexOutOfBoundsException': 56> (0x000000076c3f5b98) thrown at [/Users/java_re/workspace/8-2-build-macosx-x86_64/jdk8u40/3153/hotspot/src/share/vm/interpreter/interpreterRuntime.cpp, line 366]
Event: 2.978 Thread 0x00007fc4bd00b000 Exception <a 'java/lang/ArrayIndexOutOfBoundsException': 61> (0x000000076c3fc1d0) thrown at [/Users/java_re/workspace/8-2-build-macosx-x86_64/jdk8u40/3153/hotspot/src/share/vm/interpreter/interpreterRuntime.cpp, line 366]
Event: 2.979 Thread 0x00007fc4bd00b000 Exception <a 'java/lang/ClassNotFoundException': org/springframework/jmx/export/annotation/AnnotationMBeanExporterCustomizer> (0x000000076c41e598) thrown at [/Users/java_re/workspace/8-2-build-macosx-x86_64/jdk8u40/3153/hotspot/src/share/vm/classfile/syst
Event: 2.980 Thread 0x00007fc4bd00b000 Exception <a 'java/lang/ClassNotFoundException': org/springframework/boot/autoconfigure/thymeleaf/ThymeleafAutoConfiguration$$EnhancerBySpringCGLIB$$5e437ed7BeanInfo> (0x000000076c4722c0) thrown at [/Users/java_re/workspace/8-2-build-macosx-x86_64/jdk8u40
Event: 2.981 Thread 0x00007fc4bd00b000 Exception <a 'java/lang/ClassNotFoundException': org/springframework/boot/autoconfigure/thymeleaf/ThymeleafAutoConfigurationBeanInfo> (0x000000076c486db0) thrown at [/Users/java_re/workspace/8-2-build-macosx-x86_64/jdk8u40/3153/hotspot/src/share/vm/classf
Event: 2.981 Thread 0x00007fc4bd00b000 Exception <a 'java/lang/ClassNotFoundException': org/springframework/boot/autoconfigure/thymeleaf/ThymeleafAutoConfigurationCustomizer> (0x000000076c49bd88) thrown at [/Users/java_re/workspace/8-2-build-macosx-x86_64/jdk8u40/3153/hotspot/src/share/vm/clas
Event: 2.981 Thread 0x00007fc4bd00b000 Exception <a 'java/lang/ClassNotFoundException': org/springframework/boot/autoconfigure/thymeleaf/ThymeleafAutoConfiguration$$EnhancerBySpringCGLIB$$5e437ed7Customizer> (0x000000076c4b80a0) thrown at [/Users/java_re/workspace/8-2-build-macosx-x86_64/jdk8u
Event: 2.983 Thread 0x00007fc4bd00b000 Exception <a 'java/lang/ClassNotFoundException': org/springframework/web/multipart/support/StandardServletMultipartResolverBeanInfo> (0x000000076c4e19a0) thrown at [/Users/java_re/workspace/8-2-build-macosx-x86_64/jdk8u40/3153/hotspot/src/share/vm/classfi
Event: 2.983 Thread 0x00007fc4bd00b000 Exception <a 'java/lang/ClassNotFoundException': org/springframework/web/multipart/support/StandardServletMultipartResolverCustomizer> (0x000000076c4f63d0) thrown at [/Users/java_re/workspace/8-2-build-macosx-x86_64/jdk8u40/3153/hotspot/src/share/vm/class
Event: 3.030 Thread 0x00007fc4bc405800 Exception <a 'java/lang/ArrayIndexOutOfBoundsException': 66> (0x000000076ca90478) thrown at [/Users/java_re/workspace/8-2-build-macosx-x86_64/jdk8u40/3153/hotspot/src/share/vm/interpreter/interpreterRuntime.cpp, line 366]

Events (10 events):
Event: 52.179 Executing VM operation: GetOrSetLocal done
Event: 52.179 Executing VM operation: GetOrSetLocal
Event: 52.179 Executing VM operation: GetOrSetLocal done
Event: 52.212 Executing VM operation: GetOrSetLocal
Event: 52.212 Executing VM operation: GetOrSetLocal done
Event: 52.212 Executing VM operation: GetOrSetLocal
Event: 52.212 Executing VM operation: GetOrSetLocal done
Event: 62.557 Thread 0x00007fc4c2885000 Thread added: 0x00007fc4c2885000
Event: 66.120 Executing VM operation: RedefineClasses
Event: 66.141 Executing VM operation: RedefineClasses done


Dynamic libraries:
0x00000000031d0000 	/System/Library/Frameworks/Cocoa.framework/Versions/A/Cocoa
0x00000000031d0000 	/System/Library/Frameworks/Security.framework/Versions/A/Security
0x00000000031d0000 	/System/Library/Frameworks/ApplicationServices.framework/Versions/A/ApplicationServices
0x00000000031d0000 	/usr/lib/libz.1.dylib
0x00000000031d0000 	/usr/lib/libSystem.B.dylib
0x00000000031d0000 	/usr/lib/libobjc.A.dylib
0x00000000031d0000 	/System/Library/Frameworks/CoreFoundation.framework/Versions/A/CoreFoundation
0x00000000031d0000 	/System/Library/Frameworks/Foundation.framework/Versions/C/Foundation
0x00000000031d0000 	/System/Library/Frameworks/AppKit.framework/Versions/C/AppKit
0x00000000031d0000 	/System/Library/Frameworks/CoreData.framework/Versions/A/CoreData
0x00000000031d0000 	/System/Library/PrivateFrameworks/RemoteViewServices.framework/Versions/A/RemoteViewServices
0x00000000031d0000 	/System/Library/PrivateFrameworks/UIFoundation.framework/Versions/A/UIFoundation
0x00000000031d0000 	/System/Library/Frameworks/IOSurface.framework/Versions/A/IOSurface
0x00000000031d0000 	/System/Library/Frameworks/AudioToolbox.framework/Versions/A/AudioToolbox
0x00000000031d0000 	/System/Library/Frameworks/AudioUnit.framework/Versions/A/AudioUnit
0x00000000031d0000 	/System/Library/PrivateFrameworks/DataDetectorsCore.framework/Versions/A/DataDetectorsCore
0x00000000031d0000 	/System/Library/PrivateFrameworks/DesktopServicesPriv.framework/Versions/A/DesktopServicesPriv
0x00000000031d0000 	/System/Library/Frameworks/Carbon.framework/Versions/A/Frameworks/HIToolbox.framework/Versions/A/HIToolbox
0x00000000031d0000 	/System/Library/Frameworks/QuartzCore.framework/Versions/A/QuartzCore
0x00000000031d0000 	/System/Library/Frameworks/Carbon.framework/Versions/A/Frameworks/SpeechRecognition.framework/Versions/A/SpeechRecognition
0x00000000031d0000 	/usr/lib/libauto.dylib
0x00000000031d0000 	/usr/lib/libicucore.A.dylib
0x00000000031d0000 	/usr/lib/libxml2.2.dylib
0x00000000031d0000 	/System/Library/PrivateFrameworks/CoreUI.framework/Versions/A/CoreUI
0x00000000031d0000 	/System/Library/Frameworks/CoreAudio.framework/Versions/A/CoreAudio
0x00000000031d0000 	/System/Library/Frameworks/DiskArbitration.framework/Versions/A/DiskArbitration
0x00000000031d0000 	/usr/lib/liblangid.dylib
0x00000000031d0000 	/System/Library/PrivateFrameworks/MultitouchSupport.framework/Versions/A/MultitouchSupport
0x00000000031d0000 	/System/Library/Frameworks/IOKit.framework/Versions/A/IOKit
0x00000000031d0000 	/usr/lib/libDiagnosticMessagesClient.dylib
0x00000000031d0000 	/System/Library/Frameworks/CoreServices.framework/Versions/A/CoreServices
0x00000000031d0000 	/System/Library/PrivateFrameworks/PerformanceAnalysis.framework/Versions/A/PerformanceAnalysis
0x00000000031d0000 	/System/Library/PrivateFrameworks/GenerationalStorage.framework/Versions/A/GenerationalStorage
0x00000000031d0000 	/System/Library/Frameworks/OpenGL.framework/Versions/A/OpenGL
0x00000000031d0000 	/System/Library/PrivateFrameworks/Sharing.framework/Versions/A/Sharing
0x00000000031d0000 	/System/Library/Frameworks/CoreGraphics.framework/Versions/A/CoreGraphics
0x00000000031d0000 	/System/Library/Frameworks/CoreText.framework/Versions/A/CoreText
0x00000000031d0000 	/System/Library/Frameworks/ImageIO.framework/Versions/A/ImageIO
0x00000000031d0000 	/usr/lib/libextension.dylib
0x00000000031d0000 	/System/Library/PrivateFrameworks/Backup.framework/Versions/A/Backup
0x00000000031d0000 	/usr/lib/libarchive.2.dylib
0x00000000031d0000 	/System/Library/Frameworks/CFNetwork.framework/Versions/A/CFNetwork
0x00000000031d0000 	/System/Library/Frameworks/SystemConfiguration.framework/Versions/A/SystemConfiguration
0x00000000031d0000 	/usr/lib/libCRFSuite.dylib
0x00000000031d0000 	/usr/lib/libc++.1.dylib
0x00000000031d0000 	/usr/lib/libc++abi.dylib
0x00000000031d0000 	/usr/lib/system/libcache.dylib
0x00000000031d0000 	/usr/lib/system/libcommonCrypto.dylib
0x00000000031d0000 	/usr/lib/system/libcompiler_rt.dylib
0x00000000031d0000 	/usr/lib/system/libcopyfile.dylib
0x00000000031d0000 	/usr/lib/system/libcorecrypto.dylib
0x00000000031d0000 	/usr/lib/system/libdispatch.dylib
0x00000000031d0000 	/usr/lib/system/libdyld.dylib
0x00000000031d0000 	/usr/lib/system/libkeymgr.dylib
0x00000000031d0000 	/usr/lib/system/liblaunch.dylib
0x00000000031d0000 	/usr/lib/system/libmacho.dylib
0x00000000031d0000 	/usr/lib/system/libquarantine.dylib
0x00000000031d0000 	/usr/lib/system/libremovefile.dylib
0x00000000031d0000 	/usr/lib/system/libsystem_asl.dylib
0x00000000031d0000 	/usr/lib/system/libsystem_blocks.dylib
0x00000000031d0000 	/usr/lib/system/libsystem_c.dylib
0x00000000031d0000 	/usr/lib/system/libsystem_configuration.dylib
0x00000000031d0000 	/usr/lib/system/libsystem_coreservices.dylib
0x00000000031d0000 	/usr/lib/system/libsystem_coretls.dylib
0x00000000031d0000 	/usr/lib/system/libsystem_dnssd.dylib
0x00000000031d0000 	/usr/lib/system/libsystem_info.dylib
0x00000000031d0000 	/usr/lib/system/libsystem_kernel.dylib
0x00000000031d0000 	/usr/lib/system/libsystem_m.dylib
0x00000000031d0000 	/usr/lib/system/libsystem_malloc.dylib
0x00000000031d0000 	/usr/lib/system/libsystem_network.dylib
0x00000000031d0000 	/usr/lib/system/libsystem_networkextension.dylib
0x00000000031d0000 	/usr/lib/system/libsystem_notify.dylib
0x00000000031d0000 	/usr/lib/system/libsystem_platform.dylib
0x00000000031d0000 	/usr/lib/system/libsystem_pthread.dylib
0x00000000031d0000 	/usr/lib/system/libsystem_sandbox.dylib
0x00000000031d0000 	/usr/lib/system/libsystem_secinit.dylib
0x00000000031d0000 	/usr/lib/system/libsystem_stats.dylib
0x00000000031d0000 	/usr/lib/system/libsystem_trace.dylib
0x00000000031d0000 	/usr/lib/system/libunc.dylib
0x00000000031d0000 	/usr/lib/system/libunwind.dylib
0x00000000031d0000 	/usr/lib/system/libxpc.dylib
0x00000000031d0000 	/usr/lib/libbz2.1.0.dylib
0x00000000031d0000 	/usr/lib/liblzma.5.dylib
0x00000000031d0000 	/usr/lib/libbsm.0.dylib
0x00000000031d0000 	/usr/lib/libsqlite3.dylib
0x00000000031d0000 	/usr/lib/system/libkxld.dylib
0x00000000031d0000 	/usr/lib/libxar.1.dylib
0x00000000031d0000 	/usr/lib/libpam.2.dylib
0x00000000031d0000 	/usr/lib/libOpenScriptingUtil.dylib
0x00000000031d0000 	/System/Library/Frameworks/CoreServices.framework/Versions/A/Frameworks/FSEvents.framework/Versions/A/FSEvents
0x00000000031d0000 	/System/Library/Frameworks/CoreServices.framework/Versions/A/Frameworks/CarbonCore.framework/Versions/A/CarbonCore
0x00000000031d0000 	/System/Library/Frameworks/CoreServices.framework/Versions/A/Frameworks/Metadata.framework/Versions/A/Metadata
0x00000000031d0000 	/System/Library/Frameworks/CoreServices.framework/Versions/A/Frameworks/OSServices.framework/Versions/A/OSServices
0x00000000031d0000 	/System/Library/Frameworks/CoreServices.framework/Versions/A/Frameworks/SearchKit.framework/Versions/A/SearchKit
0x00000000031d0000 	/System/Library/Frameworks/CoreServices.framework/Versions/A/Frameworks/AE.framework/Versions/A/AE
0x00000000031d0000 	/System/Library/Frameworks/CoreServices.framework/Versions/A/Frameworks/LaunchServices.framework/Versions/A/LaunchServices
0x00000000031d0000 	/System/Library/Frameworks/CoreServices.framework/Versions/A/Frameworks/DictionaryServices.framework/Versions/A/DictionaryServices
0x00000000031d0000 	/System/Library/Frameworks/NetFS.framework/Versions/A/NetFS
0x00000000031d0000 	/System/Library/PrivateFrameworks/NetAuth.framework/Versions/A/NetAuth
0x00000000031d0000 	/System/Library/PrivateFrameworks/login.framework/Versions/A/Frameworks/loginsupport.framework/Versions/A/loginsupport
0x00000000031d0000 	/System/Library/PrivateFrameworks/TCC.framework/Versions/A/TCC
0x00000000031d0000 	/usr/lib/libmecabra.dylib
0x00000000031d0000 	/System/Library/Frameworks/ApplicationServices.framework/Versions/A/Frameworks/ATS.framework/Versions/A/ATS
0x00000000031d0000 	/System/Library/Frameworks/ApplicationServices.framework/Versions/A/Frameworks/ColorSync.framework/Versions/A/ColorSync
0x00000000031d0000 	/System/Library/Frameworks/ApplicationServices.framework/Versions/A/Frameworks/HIServices.framework/Versions/A/HIServices
0x00000000031d0000 	/System/Library/Frameworks/ApplicationServices.framework/Versions/A/Frameworks/LangAnalysis.framework/Versions/A/LangAnalysis
0x00000000031d0000 	/System/Library/Frameworks/ApplicationServices.framework/Versions/A/Frameworks/PrintCore.framework/Versions/A/PrintCore
0x00000000031d0000 	/System/Library/Frameworks/ApplicationServices.framework/Versions/A/Frameworks/QD.framework/Versions/A/QD
0x00000000031d0000 	/System/Library/Frameworks/ApplicationServices.framework/Versions/A/Frameworks/SpeechSynthesis.framework/Versions/A/SpeechSynthesis
0x00000000031d0000 	/System/Library/Frameworks/Accelerate.framework/Versions/A/Accelerate
0x00000000031d0000 	/System/Library/Frameworks/Accelerate.framework/Versions/A/Frameworks/vImage.framework/Versions/A/vImage
0x00000000031d0000 	/System/Library/Frameworks/Accelerate.framework/Versions/A/Frameworks/vecLib.framework/Versions/A/vecLib
0x00000000031d0000 	/System/Library/Frameworks/Accelerate.framework/Versions/A/Frameworks/vecLib.framework/Versions/A/libvDSP.dylib
0x00000000031d0000 	/System/Library/Frameworks/Accelerate.framework/Versions/A/Frameworks/vecLib.framework/Versions/A/libvMisc.dylib
0x00000000031d0000 	/System/Library/Frameworks/Accelerate.framework/Versions/A/Frameworks/vecLib.framework/Versions/A/libLAPACK.dylib
0x00000000031d0000 	/System/Library/Frameworks/Accelerate.framework/Versions/A/Frameworks/vecLib.framework/Versions/A/libBLAS.dylib
0x00000000031d0000 	/System/Library/Frameworks/Accelerate.framework/Versions/A/Frameworks/vecLib.framework/Versions/A/libLinearAlgebra.dylib
0x00000000031d0000 	/System/Library/Frameworks/ApplicationServices.framework/Versions/A/Frameworks/ATS.framework/Versions/A/Resources/libFontParser.dylib
0x00000000031d0000 	/System/Library/Frameworks/ApplicationServices.framework/Versions/A/Frameworks/ATS.framework/Versions/A/Resources/libFontRegistry.dylib
0x00000000031d0000 	/System/Library/PrivateFrameworks/AppleVPA.framework/Versions/A/AppleVPA
0x00000000031d0000 	/System/Library/PrivateFrameworks/AppleJPEG.framework/Versions/A/AppleJPEG
0x00000000031d0000 	/System/Library/Frameworks/ImageIO.framework/Versions/A/Resources/libJPEG.dylib
0x00000000031d0000 	/System/Library/Frameworks/ImageIO.framework/Versions/A/Resources/libTIFF.dylib
0x00000000031d0000 	/System/Library/Frameworks/ImageIO.framework/Versions/A/Resources/libPng.dylib
0x00000000031d0000 	/System/Library/Frameworks/ImageIO.framework/Versions/A/Resources/libGIF.dylib
0x00000000031d0000 	/System/Library/Frameworks/ImageIO.framework/Versions/A/Resources/libJP2.dylib
0x00000000031d0000 	/System/Library/Frameworks/ImageIO.framework/Versions/A/Resources/libRadiance.dylib
0x00000000031d0000 	/System/Library/Frameworks/CoreVideo.framework/Versions/A/CoreVideo
0x00000000031d0000 	/System/Library/Frameworks/OpenGL.framework/Versions/A/Libraries/libGLU.dylib
0x00000000031d0000 	/System/Library/Frameworks/OpenGL.framework/Versions/A/Libraries/libGFXShared.dylib
0x00000000031d0000 	/System/Library/Frameworks/OpenGL.framework/Versions/A/Libraries/libGL.dylib
0x00000000031d0000 	/System/Library/Frameworks/OpenGL.framework/Versions/A/Libraries/libGLImage.dylib
0x00000000031d0000 	/System/Library/Frameworks/OpenGL.framework/Versions/A/Libraries/libCVMSPluginSupport.dylib
0x00000000031d0000 	/System/Library/Frameworks/OpenGL.framework/Versions/A/Libraries/libCoreVMClient.dylib
0x00000000031d0000 	/usr/lib/libcups.2.dylib
0x00000000031d0000 	/System/Library/Frameworks/Kerberos.framework/Versions/A/Kerberos
0x00000000031d0000 	/System/Library/Frameworks/GSS.framework/Versions/A/GSS
0x00000000031d0000 	/usr/lib/libresolv.9.dylib
0x00000000031d0000 	/usr/lib/libiconv.2.dylib
0x00000000031d0000 	/System/Library/PrivateFrameworks/Heimdal.framework/Versions/A/Heimdal
0x00000000031d0000 	/usr/lib/libheimdal-asn1.dylib
0x00000000031d0000 	/System/Library/Frameworks/OpenDirectory.framework/Versions/A/OpenDirectory
0x00000000031d0000 	/System/Library/PrivateFrameworks/CommonAuth.framework/Versions/A/CommonAuth
0x00000000031d0000 	/System/Library/Frameworks/OpenDirectory.framework/Versions/A/Frameworks/CFOpenDirectory.framework/Versions/A/CFOpenDirectory
0x00000000031d0000 	/System/Library/Frameworks/SecurityFoundation.framework/Versions/A/SecurityFoundation
0x00000000031d0000 	/System/Library/PrivateFrameworks/LanguageModeling.framework/Versions/A/LanguageModeling
0x00000000031d0000 	/usr/lib/libcmph.dylib
0x00000000031d0000 	/System/Library/Frameworks/ServiceManagement.framework/Versions/A/ServiceManagement
0x00000000031d0000 	/usr/lib/libxslt.1.dylib
0x00000000031d0000 	/System/Library/Frameworks/Carbon.framework/Versions/A/Frameworks/Ink.framework/Versions/A/Ink
0x00000000031d0000 	/System/Library/Frameworks/QuartzCore.framework/Versions/A/Frameworks/CoreImage.framework/Versions/A/CoreImage
0x00000000031d0000 	/System/Library/PrivateFrameworks/CrashReporterSupport.framework/Versions/A/CrashReporterSupport
0x00000000031d0000 	/System/Library/Frameworks/OpenCL.framework/Versions/A/OpenCL
0x00000000031d0000 	/System/Library/PrivateFrameworks/FaceCore.framework/Versions/A/FaceCore
0x00000000031d0000 	/System/Library/PrivateFrameworks/Ubiquity.framework/Versions/A/Ubiquity
0x00000000031d0000 	/System/Library/PrivateFrameworks/IconServices.framework/Versions/A/IconServices
0x00000000031d0000 	/System/Library/PrivateFrameworks/ChunkingLibrary.framework/Versions/A/ChunkingLibrary
0x00000000031d0000 	/System/Library/PrivateFrameworks/Apple80211.framework/Versions/A/Apple80211
0x00000000031d0000 	/System/Library/Frameworks/CoreWLAN.framework/Versions/A/CoreWLAN
0x00000000031d0000 	/System/Library/Frameworks/IOBluetooth.framework/Versions/A/IOBluetooth
0x00000000031d0000 	/System/Library/PrivateFrameworks/CoreWiFi.framework/Versions/A/CoreWiFi
0x00000000031d0000 	/System/Library/Frameworks/CoreBluetooth.framework/Versions/A/CoreBluetooth
0x00000000031d0000 	/System/Library/PrivateFrameworks/DebugSymbols.framework/Versions/A/DebugSymbols
0x00000000031d0000 	/System/Library/PrivateFrameworks/CoreSymbolication.framework/Versions/A/CoreSymbolication
0x00000000031d0000 	/System/Library/PrivateFrameworks/Symbolication.framework/Versions/A/Symbolication
0x00000000031d0000 	/System/Library/PrivateFrameworks/SpeechRecognitionCore.framework/Versions/A/SpeechRecognitionCore
0x00000001051d2000 	/Library/Java/JavaVirtualMachines/jdk1.8.0_40.jdk/Contents/Home/jre/lib/server/libjvm.dylib
0x00000000031d0000 	/usr/lib/libstdc++.6.dylib
0x0000000106152000 	/Library/Java/JavaVirtualMachines/jdk1.8.0_40.jdk/Contents/Home/jre/lib/libverify.dylib
0x0000000106160000 	/Library/Java/JavaVirtualMachines/jdk1.8.0_40.jdk/Contents/Home/jre/lib/libjava.dylib
0x0000000106196000 	/Library/Java/JavaVirtualMachines/jdk1.8.0_40.jdk/Contents/Home/jre/lib/libjdwp.dylib
0x00000001061e1000 	/Library/Java/JavaVirtualMachines/jdk1.8.0_40.jdk/Contents/Home/jre/lib/libnpt.dylib
0x00000001061ee000 	/Library/Java/JavaVirtualMachines/jdk1.8.0_40.jdk/Contents/Home/jre/lib/libzip.dylib
0x0000000122ed9000 	/System/Library/Frameworks/JavaVM.framework/Frameworks/JavaRuntimeSupport.framework/JavaRuntimeSupport
0x0000000122eef000 	/System/Library/Frameworks/JavaVM.framework/Versions/A/Frameworks/JavaNativeFoundation.framework/Versions/A/JavaNativeFoundation
0x0000000122f03000 	/System/Library/Frameworks/JavaVM.framework/Versions/A/JavaVM
0x00000000031d0000 	/System/Library/Frameworks/Carbon.framework/Versions/A/Carbon
0x0000000122f0f000 	/System/Library/PrivateFrameworks/JavaLaunching.framework/Versions/A/JavaLaunching
0x00000000031d0000 	/System/Library/Frameworks/Carbon.framework/Versions/A/Frameworks/CommonPanels.framework/Versions/A/CommonPanels
0x00000000031d0000 	/System/Library/Frameworks/Carbon.framework/Versions/A/Frameworks/Help.framework/Versions/A/Help
0x00000000031d0000 	/System/Library/Frameworks/Carbon.framework/Versions/A/Frameworks/ImageCapture.framework/Versions/A/ImageCapture
0x00000000031d0000 	/System/Library/Frameworks/Carbon.framework/Versions/A/Frameworks/OpenScripting.framework/Versions/A/OpenScripting
0x00000000031d0000 	/System/Library/Frameworks/Carbon.framework/Versions/A/Frameworks/Print.framework/Versions/A/Print
0x00000000031d0000 	/System/Library/Frameworks/Carbon.framework/Versions/A/Frameworks/SecurityHI.framework/Versions/A/SecurityHI
0x00000001248f5000 	/Library/Java/JavaVirtualMachines/jdk1.8.0_40.jdk/Contents/Home/jre/lib/libdt_socket.dylib
0x0000000125114000 	/Library/Java/JavaVirtualMachines/jdk1.8.0_40.jdk/Contents/Home/jre/lib/libmanagement.dylib
0x0000000125121000 	/Library/Java/JavaVirtualMachines/jdk1.8.0_40.jdk/Contents/Home/jre/lib/libnet.dylib
0x0000000125180000 	/Library/Java/JavaVirtualMachines/jdk1.8.0_40.jdk/Contents/Home/jre/lib/libnio.dylib

VM Arguments:
jvm_args: -agentlib:jdwp=transport=dt_socket,suspend=y,address=localhost:52791 -Dcom.sun.management.jmxremote -Dcom.sun.management.jmxremote.port=24096 -Dcom.sun.management.jmxremote.authenticate=false -Dcom.sun.management.jmxremote.ssl=false -Dspring.liveBeansView.mbeanDomain -Dspring.application.admin.enabled=true -Djava.security.egd=file:/dev/./urandom -Dfile.encoding=UTF-8 
java_command: com.dsny.hack.DsnyhackApplication
java_class_path (initial): /projects/eclipse-ws/dsny-hack/dsnyhack/bin:/Users/zhue2/.gradle/caches/modules-2/files-2.1/org.springframework.boot/spring-boot-starter-data-mongodb/1.2.5.RELEASE/6461d074fa529fb45b405c38190bed88427a3479/spring-boot-starter-data-mongodb-1.2.5.RELEASE.jar:/Users/zhue2/.gradle/caches/modules-2/files-2.1/org.springframework.boot/spring-boot-starter-web/1.2.5.RELEASE/afe2043ba5aa7d112a4ef0c907ebc6dbf8b93ce5/spring-boot-starter-web-1.2.5.RELEASE.jar:/Users/zhue2/.gradle/caches/modules-2/files-2.1/org.springframework.boot/spring-boot-starter-websocket/1.2.5.RELEASE/62a0af1bdd43c0bcce8ef0ef374f08a76c9cc881/spring-boot-starter-websocket-1.2.5.RELEASE.jar:/Users/zhue2/.gradle/caches/modules-2/files-2.1/org.springframework.boot/spring-boot-starter-thymeleaf/1.2.5.RELEASE/306d4f97ebb0db75a29f4a5932ae72f1ea5e34c5/spring-boot-starter-thymeleaf-1.2.5.RELEASE.jar:/Users/zhue2/.gradle/caches/modules-2/files-2.1/org.springframework/spring-messaging/4.1.7.RELEASE/329df947037c2dff0a922a234de575cc0caca09d/spring-messaging-4.1.7.RELEASE.jar:/Users/zhue2/.gradle/caches/modules-2/files-2.1/org.springframework.boot/spring-boot-starter/1.2.5.RELEASE/416b6339599892cb33077c9fd901de7669c38cbe/spring-boot-starter-1.2.5.RELEASE.jar:/Users/zhue2/.gradle/caches/modules-2/files-2.1/org.mongodb/mongo-java-driver/2.12.5/8e53a39f2a5b2755ecc394d48d18026460f5da58/mongo-java-driver-2.12.5.jar:/Users/zhue2/.gradle/caches/modules-2/files-2.1/org.springframework/spring-core/4.1.7.RELEASE/9f8e34eef228f44bda771c9dc62e9f1efa82c92d/spring-core-4.1.7.RELEASE.jar:/Users/zhue2/.gradle/caches/modules-2/files-2.1/org.springframework/spring-tx/4.1.7.RELEASE/3465a5d3b24006d51482cf45abd13e347f64582a/spring-tx-4.1.7.RELEASE.jar:/Users/zhue2/.gradle/caches/modules-2/files-2.1/org.springframework.data/spring-data-mongodb/1.6.3.RELEASE/94d1ce5c857fdb6288634552001c1b1e3064ec61/spring-data-mongodb-1.6.3.RELEASE.jar:/Users/zhue2/.gradle/caches/modules-2/files-2.1/com.fasterxml.jackson.core/jackso
Launcher Type: SUN_STANDARD

Environment Variables:
PATH=/usr/bin:/bin:/usr/sbin:/sbin
SHELL=/bin/bash

Signal Handlers:
SIGSEGV: [libjvm.dylib+0x58ef95], sa_mask[0]=11111111011111110111111111111111, sa_flags=SA_ONSTACK|SA_RESTART|SA_SIGINFO
SIGBUS: [libjvm.dylib+0x58ef95], sa_mask[0]=11111111011111110111111111111111, sa_flags=SA_RESTART|SA_SIGINFO
SIGFPE: [libjvm.dylib+0x46c118], sa_mask[0]=11111111011111110111111111111111, sa_flags=SA_RESTART|SA_SIGINFO
SIGPIPE: [libjvm.dylib+0x46c118], sa_mask[0]=11111111011111110111111111111111, sa_flags=SA_RESTART|SA_SIGINFO
SIGXFSZ: [libjvm.dylib+0x46c118], sa_mask[0]=11111111011111110111111111111111, sa_flags=SA_RESTART|SA_SIGINFO
SIGILL: [libjvm.dylib+0x46c118], sa_mask[0]=11111111011111110111111111111111, sa_flags=SA_RESTART|SA_SIGINFO
SIGUSR1: SIG_DFL, sa_mask[0]=00000000000000000000000000000000, sa_flags=none
SIGUSR2: [libjvm.dylib+0x46bc36], sa_mask[0]=00100000000000000000000000000000, sa_flags=SA_RESTART|SA_SIGINFO
SIGHUP: [libjvm.dylib+0x46a209], sa_mask[0]=11111111011111110111111111111111, sa_flags=SA_RESTART|SA_SIGINFO
SIGINT: [libjvm.dylib+0x46a209], sa_mask[0]=11111111011111110111111111111111, sa_flags=SA_RESTART|SA_SIGINFO
SIGTERM: [libjvm.dylib+0x46a209], sa_mask[0]=11111111011111110111111111111111, sa_flags=SA_RESTART|SA_SIGINFO
SIGQUIT: [libjvm.dylib+0x46a209], sa_mask[0]=11111111011111110111111111111111, sa_flags=SA_RESTART|SA_SIGINFO


---------------  S Y S T E M  ---------------

OS:Bsduname:Darwin 14.5.0 Darwin Kernel Version 14.5.0: Wed Jul 29 02:26:53 PDT 2015; root:xnu-2782.40.9~1/RELEASE_X86_64 x86_64
rlimit: STACK 8192k, CORE 0k, NPROC 709, NOFILE 10240, AS infinity
load average:2.10 2.03 1.92

CPU:total 8 (4 cores per cpu, 2 threads per core) family 6 model 70 stepping 1, cmov, cx8, fxsr, mmx, sse, sse2, sse3, ssse3, sse4.1, sse4.2, popcnt, avx, avx2, aes, clmul, erms, rtm, lzcnt, ht, tsc, tscinvbit, bmi1, bmi2

Memory: 4k page, physical 16777216k(2833724k free)

/proc/meminfo:


vm_info: Java HotSpot(TM) 64-Bit Server VM (25.40-b25) for bsd-amd64 JRE (1.8.0_40-b27), built on Mar 13 2015 04:46:52 by "java_re" with gcc 4.2.1 (Based on Apple Inc. build 5658) (LLVM build 2336.11.00)

time: Fri Sep  4 16:41:35 2015
elapsed time: 66 seconds (0d 0h 1m 6s)

